#
# A fatal error has been detected by the Java Runtime Environment:
#
#  EXCEPTION_ACCESS_VIOLATION (0xc0000005) at pc=0x5a234a73, pid=8592, tid=0x000011a0
#
# JRE version: Java(TM) SE Runtime Environment (8.0_151-b12) (build 1.8.0_151-b12)
# Java VM: Java HotSpot(TM) Client VM (25.151-b12 mixed mode, sharing windows-x86 )
# Problematic frame:
# C  0x5a234a73
#
# Failed to write core dump. Minidumps are not enabled by default on client versions of Windows
#
# If you would like to submit a bug report, please visit:
#   http://bugreport.java.com/bugreport/crash.jsp
# The crash happened outside the Java Virtual Machine in native code.
# See problematic frame for where to report the bug.
#

---------------  T H R E A D  ---------------

Current thread (0x157e4400):  JavaThread "AWT-Windows" daemon [_thread_in_native, id=4512, stack(0x15b80000,0x15bd0000)]

siginfo: ExceptionCode=0xc0000005, reading address 0x003a004f

Registers:
EAX=0x003a0043, EBX=0x16773960, ECX=0x1ac8d2b8, EDX=0x15bce960
ESP=0x15bce938, EBP=0x15bce96c, ESI=0x00000000, EDI=0x16773960
EIP=0x5a234a73, EFLAGS=0x00010246

Top of Stack: (sp=0x15bce938)
0x15bce938:   1ac8d2b8 15bce960 16773960 00000000
0x15bce948:   1ac8d2b8 5a23db94 16754a80 16773960
0x15bce958:   5a23db20 00000e65 00000000 5a23dcc0
0x15bce968:   15bceae8 15bceae8 5a23425c 1ac8d2b8
0x15bce978:   16761078 5a221254 15bcec4c fcdd0000
0x15bce988:   00000000 5a228ab8 15bce988 00000004
0x15bce998:   00000000 15bcec08 1676104c 16773a64
0x15bce9a8:   1ac8d2b8 15bcec5c 15bcec4c 00000e65 

Instructions: (pc=0x5a234a73)
0x5a234a53:   4d 04 56 68 b8 54 22 5a e8 9b 88 ff ff e9 cf 00
0x5a234a63:   00 00 8b 4d 08 8d 55 f4 83 65 f4 00 52 51 8b 01
0x5a234a73:   8b 70 0c 8b ce ff 15 ec 58 26 5a ff d6 8b f0 85
0x5a234a83:   f6 79 07 ba ae 09 00 00 eb c5 8d bb fc 00 00 00 


Register to memory mapping:

EAX=0x003a0043 is an unknown value
EBX=0x16773960 is an unknown value
ECX=0x1ac8d2b8 is an unknown value
EDX=0x15bce960 is pointing into the stack for thread: 0x157e4400
ESP=0x15bce938 is pointing into the stack for thread: 0x157e4400
EBP=0x15bce96c is pointing into the stack for thread: 0x157e4400
ESI=0x00000000 is an unknown value
EDI=0x16773960 is an unknown value


Stack: [0x15b80000,0x15bd0000],  sp=0x15bce938,  free space=314k
Native frames: (J=compiled Java code, j=interpreted, Vv=VM code, C=native code)
C  0x5a234a73
C  0x5a23425c
C  0x5a234ef5
C  0x5a22ec64
C  [MSCTF.dll+0x8825a]
C  [MSCTF.dll+0x8383a]
C  [MSCTF.dll+0x86839]
C  [MSCTF.dll+0x743e0]
C  [MSCTF.dll+0x23d6b]
C  [MSCTF.dll+0x749ac]
C  [MSCTF.dll+0x870d7]
C  [MSCTF.dll+0x83732]
C  [textinputframework.dll+0x63a7e]
C  [textinputframework.dll+0x63aff]
C  [textinputframework.dll+0x62756]
C  [textinputframework.dll+0x62881]
C  [textinputframework.dll+0x631b7]
C  [textinputframework.dll+0x6756b]
C  [MSCTF.dll+0x1f2ce]
C  [textinputframework.dll+0x67b52]
C  [textinputframework.dll+0x6266b]
C  [textinputframework.dll+0x62a1d]
C  [textinputframework.dll+0x635f9]
C  [MSCTF.dll+0x8a007]
C  [MSCTF.dll+0x86783]
C  [MSCTF.dll+0x743e0]
C  [MSCTF.dll+0x23d91]
C  [MSCTF.dll+0x1e7e3]
C  [USER32.dll+0x412bb]
C  [USER32.dll+0x37a5a]
C  [USER32.dll+0x36391]
C  [USER32.dll+0x35eb0]
C  [awt.dll+0xa6564]

Java frames: (J=compiled Java code, j=interpreted, Vv=VM code)
j  sun.awt.windows.WToolkit.eventLoop()V+0
j  sun.awt.windows.WToolkit.run()V+58
j  java.lang.Thread.run()V+11
v  ~StubRoutines::call_stub

---------------  P R O C E S S  ---------------

Java Threads: ( => current thread )
  0x1f43d400 JavaThread "TimerQueue" daemon [_thread_blocked, id=14292, stack(0x21780000,0x217d0000)]
  0x1f71dc00 JavaThread "Swing-Shell" daemon [_thread_blocked, id=8764, stack(0x20fa0000,0x20ff0000)]
  0x0216d800 JavaThread "DestroyJavaVM" [_thread_blocked, id=1344, stack(0x009a0000,0x009f0000)]
  0x1e698c00 JavaThread "D3D Screen Updater" daemon [_thread_in_native, id=5580, stack(0x1fb30000,0x1fb80000)]
  0x15845000 JavaThread "AWT-EventQueue-0" [_thread_blocked, id=17968, stack(0x16a20000,0x16a70000)]
  0x157e3800 JavaThread "AWT-Shutdown" [_thread_blocked, id=3376, stack(0x15af0000,0x15b40000)]
=>0x157e4400 JavaThread "AWT-Windows" daemon [_thread_in_native, id=4512, stack(0x15b80000,0x15bd0000)]
  0x157e3000 JavaThread "Java2D Disposer" daemon [_thread_blocked, id=16532, stack(0x15a60000,0x15ab0000)]
  0x0263b000 JavaThread "Service Thread" daemon [_thread_blocked, id=16996, stack(0x14fe0000,0x15030000)]
  0x02635000 JavaThread "C1 CompilerThread0" daemon [_thread_blocked, id=17880, stack(0x14f50000,0x14fa0000)]
  0x02633c00 JavaThread "Attach Listener" daemon [_thread_blocked, id=2580, stack(0x14ec0000,0x14f10000)]
  0x0262e000 JavaThread "Signal Dispatcher" daemon [_thread_blocked, id=1284, stack(0x14e30000,0x14e80000)]
  0x02616000 JavaThread "Finalizer" daemon [_thread_blocked, id=11520, stack(0x14ca0000,0x14cf0000)]
  0x025b9000 JavaThread "Reference Handler" daemon [_thread_blocked, id=14236, stack(0x04780000,0x047d0000)]

Other Threads:
  0x025b5000 VMThread [stack: 0x046f0000,0x04740000] [id=11280]
  0x15688400 WatcherThread [stack: 0x15850000,0x158a0000] [id=9604]

VM state:not at safepoint (normal execution)

VM Mutex/Monitor currently owned by a thread: None

Heap:
 def new generation   total 78656K, used 22350K [0x04800000, 0x09d50000, 0x09d50000)
  eden space 69952K,  31% used [0x04800000, 0x05dd38d0, 0x08c50000)
  from space 8704K,   0% used [0x08c50000, 0x08c50000, 0x094d0000)
  to   space 8704K,   0% used [0x094d0000, 0x094d0000, 0x09d50000)
 tenured generation   total 174784K, used 117361K [0x09d50000, 0x14800000, 0x14800000)
   the space 174784K,  67% used [0x09d50000, 0x10fec778, 0x10fec800, 0x14800000)
 Metaspace       used 22125K, capacity 23277K, committed 23552K, reserved 23936K

Card table byte_map: [0x02170000,0x02200000] byte_map_base: 0x0214c000

Polling page: 0x00520000

CodeCache: size=32768Kb used=8063Kb max_used=8873Kb free=24704Kb
 bounds [0x02690000, 0x02f48000, 0x04690000]
 total_blobs=3933 nmethods=3607 adapters=251
 compilation: enabled

Compilation events (10 events):
Event: 102.703 Thread 0x02635000 7144             sun.java2d.StateTrackableDelegate::markDirty (6 bytes)
Event: 102.703 Thread 0x02635000 nmethod 7144 0x027cda48 code [0x027cdb40, 0x027cdbd0]
Event: 102.719 Thread 0x02635000 7145             sun.java2d.pipe.Region::dimAdd (20 bytes)
Event: 102.719 Thread 0x02635000 nmethod 7145 0x027cd848 code [0x027cd940, 0x027cd9e0]
Event: 102.720 Thread 0x02635000 7146             java.awt.geom.AffineTransform::rotate270 (87 bytes)
Event: 102.720 Thread 0x02635000 nmethod 7146 0x027cd548 code [0x027cd670, 0x027cd7a0]
Event: 102.720 Thread 0x02635000 7147             java.awt.geom.AffineTransform::concatenate (1082 bytes)
Event: 102.721 Thread 0x02635000 nmethod 7147 0x0274eec8 code [0x0274f010, 0x0274f710]
Event: 102.721 Thread 0x02635000 7148             java.awt.geom.AffineTransform::rotate (149 bytes)
Event: 102.721 Thread 0x02635000 nmethod 7148 0x027ccf88 code [0x027cd110, 0x027cd430]

GC Heap History (10 events):
Event: 96.558 GC heap before
{Heap before GC invocations=164 (full 16):
 def new generation   total 78656K, used 69952K [0x04800000, 0x09d50000, 0x09d50000)
  eden space 69952K, 100% used [0x04800000, 0x08c50000, 0x08c50000)
  from space 8704K,   0% used [0x08c50000, 0x08c50000, 0x094d0000)
  to   space 8704K,   0% used [0x094d0000, 0x094d0000, 0x09d50000)
 tenured generation   total 174784K, used 110680K [0x09d50000, 0x14800000, 0x14800000)
   the space 174784K,  63% used [0x09d50000, 0x109661b8, 0x10966200, 0x14800000)
 Metaspace       used 22053K, capacity 23173K, committed 23552K, reserved 23936K
Event: 96.613 GC heap after
Heap after GC invocations=165 (full 16):
 def new generation   total 78656K, used 8704K [0x04800000, 0x09d50000, 0x09d50000)
  eden space 69952K,   0% used [0x04800000, 0x04800000, 0x08c50000)
  from space 8704K, 100% used [0x094d0000, 0x09d50000, 0x09d50000)
  to   space 8704K,   0% used [0x08c50000, 0x08c50000, 0x094d0000)
 tenured generation   total 174784K, used 137641K [0x09d50000, 0x14800000, 0x14800000)
   the space 174784K,  78% used [0x09d50000, 0x123ba7c0, 0x123ba800, 0x14800000)
 Metaspace       used 22053K, capacity 23173K, committed 23552K, reserved 23936K
}
Event: 96.814 GC heap before
{Heap before GC invocations=165 (full 16):
 def new generation   total 78656K, used 78656K [0x04800000, 0x09d50000, 0x09d50000)
  eden space 69952K, 100% used [0x04800000, 0x08c50000, 0x08c50000)
  from space 8704K, 100% used [0x094d0000, 0x09d50000, 0x09d50000)
  to   space 8704K,   0% used [0x08c50000, 0x08c50000, 0x094d0000)
 tenured generation   total 174784K, used 137641K [0x09d50000, 0x14800000, 0x14800000)
   the space 174784K,  78% used [0x09d50000, 0x123ba7c0, 0x123ba800, 0x14800000)
 Metaspace       used 22053K, capacity 23173K, committed 23552K, reserved 23936K
Event: 96.979 GC heap after
Heap after GC invocations=166 (full 17):
 def new generation   total 78656K, used 0K [0x04800000, 0x09d50000, 0x09d50000)
  eden space 69952K,   0% used [0x04800000, 0x04800000, 0x08c50000)
  from space 8704K,   0% used [0x094d0000, 0x094d0000, 0x09d50000)
  to   space 8704K,   0% used [0x08c50000, 0x08c50000, 0x094d0000)
 tenured generation   total 174784K, used 118354K [0x09d50000, 0x14800000, 0x14800000)
   the space 174784K,  67% used [0x09d50000, 0x110e4bd0, 0x110e4c00, 0x14800000)
 Metaspace       used 22053K, capacity 23173K, committed 23552K, reserved 23936K
}
Event: 97.186 GC heap before
{Heap before GC invocations=166 (full 17):
 def new generation   total 78656K, used 69952K [0x04800000, 0x09d50000, 0x09d50000)
  eden space 69952K, 100% used [0x04800000, 0x08c50000, 0x08c50000)
  from space 8704K,   0% used [0x094d0000, 0x094d0000, 0x09d50000)
  to   space 8704K,   0% used [0x08c50000, 0x08c50000, 0x094d0000)
 tenured generation   total 174784K, used 118354K [0x09d50000, 0x14800000, 0x14800000)
   the space 174784K,  67% used [0x09d50000, 0x110e4bd0, 0x110e4c00, 0x14800000)
 Metaspace       used 22053K, capacity 23173K, committed 23552K, reserved 23936K
Event: 97.269 GC heap after
Heap after GC invocations=167 (full 17):
 def new generation   total 78656K, used 8704K [0x04800000, 0x09d50000, 0x09d50000)
  eden space 69952K,   0% used [0x04800000, 0x04800000, 0x08c50000)
  from space 8704K, 100% used [0x08c50000, 0x094d0000, 0x094d0000)
  to   space 8704K,   0% used [0x094d0000, 0x094d0000, 0x09d50000)
 tenured generation   total 174784K, used 150757K [0x09d50000, 0x14800000, 0x14800000)
   the space 174784K,  86% used [0x09d50000, 0x130895b0, 0x13089600, 0x14800000)
 Metaspace       used 22053K, capacity 23173K, committed 23552K, reserved 23936K
}
Event: 97.478 GC heap before
{Heap before GC invocations=167 (full 17):
 def new generation   total 78656K, used 78656K [0x04800000, 0x09d50000, 0x09d50000)
  eden space 69952K, 100% used [0x04800000, 0x08c50000, 0x08c50000)
  from space 8704K, 100% used [0x08c50000, 0x094d0000, 0x094d0000)
  to   space 8704K,   0% used [0x094d0000, 0x094d0000, 0x09d50000)
 tenured generation   total 174784K, used 150757K [0x09d50000, 0x14800000, 0x14800000)
   the space 174784K,  86% used [0x09d50000, 0x130895b0, 0x13089600, 0x14800000)
 Metaspace       used 22053K, capacity 23173K, committed 23552K, reserved 23936K
Event: 97.653 GC heap after
Heap after GC invocations=168 (full 18):
 def new generation   total 78656K, used 0K [0x04800000, 0x09d50000, 0x09d50000)
  eden space 69952K,   0% used [0x04800000, 0x04800000, 0x08c50000)
  from space 8704K,   0% used [0x08c50000, 0x08c50000, 0x094d0000)
  to   space 8704K,   0% used [0x094d0000, 0x094d0000, 0x09d50000)
 tenured generation   total 174784K, used 126038K [0x09d50000, 0x14800000, 0x14800000)
   the space 174784K,  72% used [0x09d50000, 0x118658f8, 0x11865a00, 0x14800000)
 Metaspace       used 22053K, capacity 23173K, committed 23552K, reserved 23936K
}
Event: 99.629 GC heap before
{Heap before GC invocations=168 (full 18):
 def new generation   total 78656K, used 69952K [0x04800000, 0x09d50000, 0x09d50000)
  eden space 69952K, 100% used [0x04800000, 0x08c50000, 0x08c50000)
  from space 8704K,   0% used [0x08c50000, 0x08c50000, 0x094d0000)
  to   space 8704K,   0% used [0x094d0000, 0x094d0000, 0x09d50000)
 tenured generation   total 174784K, used 126038K [0x09d50000, 0x14800000, 0x14800000)
   the space 174784K,  72% used [0x09d50000, 0x118658f8, 0x11865a00, 0x14800000)
 Metaspace       used 22053K, capacity 23173K, committed 23552K, reserved 23936K
Event: 99.785 GC heap after
Heap after GC invocations=169 (full 19):
 def new generation   total 78656K, used 0K [0x04800000, 0x09d50000, 0x09d50000)
  eden space 69952K,   0% used [0x04800000, 0x04800000, 0x08c50000)
  from space 8704K,   0% used [0x08c50000, 0x08c50000, 0x094d0000)
  to   space 8704K,   0% used [0x094d0000, 0x094d0000, 0x09d50000)
 tenured generation   total 174784K, used 117361K [0x09d50000, 0x14800000, 0x14800000)
   the space 174784K,  67% used [0x09d50000, 0x10fec778, 0x10fec800, 0x14800000)
 Metaspace       used 22053K, capacity 23173K, committed 23552K, reserved 23936K
}

Deoptimization events (0 events):
No events

Internal exceptions (10 events):
Event: 99.951 Thread 0x15845000 Exception <a 'java/io/IOException'> (0x04c6f8c8) thrown at [C:\workspace\8-2-build-windows-i586-cygwin\jdk8u151\9699\hotspot\src\share\vm\prims\jni.cpp, line 709]
Event: 99.951 Thread 0x15845000 Exception <a 'java/io/IOException'> (0x04c6fd18) thrown at [C:\workspace\8-2-build-windows-i586-cygwin\jdk8u151\9699\hotspot\src\share\vm\prims\jni.cpp, line 709]
Event: 99.951 Thread 0x15845000 Exception <a 'java/io/IOException'> (0x04c70448) thrown at [C:\workspace\8-2-build-windows-i586-cygwin\jdk8u151\9699\hotspot\src\share\vm\prims\jni.cpp, line 709]
Event: 99.951 Thread 0x15845000 Exception <a 'java/io/IOException'> (0x04c70898) thrown at [C:\workspace\8-2-build-windows-i586-cygwin\jdk8u151\9699\hotspot\src\share\vm\prims\jni.cpp, line 709]
Event: 99.951 Thread 0x15845000 Exception <a 'java/io/IOException'> (0x04c70ce8) thrown at [C:\workspace\8-2-build-windows-i586-cygwin\jdk8u151\9699\hotspot\src\share\vm\prims\jni.cpp, line 709]
Event: 99.951 Thread 0x15845000 Exception <a 'java/io/IOException'> (0x04c76718) thrown at [C:\workspace\8-2-build-windows-i586-cygwin\jdk8u151\9699\hotspot\src\share\vm\prims\jni.cpp, line 709]
Event: 99.951 Thread 0x15845000 Exception <a 'java/io/IOException'> (0x04c76b68) thrown at [C:\workspace\8-2-build-windows-i586-cygwin\jdk8u151\9699\hotspot\src\share\vm\prims\jni.cpp, line 709]
Event: 99.951 Thread 0x15845000 Exception <a 'java/io/IOException'> (0x04c771a8) thrown at [C:\workspace\8-2-build-windows-i586-cygwin\jdk8u151\9699\hotspot\src\share\vm\prims\jni.cpp, line 709]
Event: 99.951 Thread 0x15845000 Exception <a 'java/io/IOException'> (0x04c775f8) thrown at [C:\workspace\8-2-build-windows-i586-cygwin\jdk8u151\9699\hotspot\src\share\vm\prims\jni.cpp, line 709]
Event: 99.951 Thread 0x15845000 Exception <a 'java/io/IOException'> (0x04c77a48) thrown at [C:\workspace\8-2-build-windows-i586-cygwin\jdk8u151\9699\hotspot\src\share\vm\prims\jni.cpp, line 709]

Events (10 events):
Event: 102.702 loading class java/awt/GradientPaintContext
Event: 102.702 loading class java/awt/PaintContext
Event: 102.702 loading class java/awt/PaintContext done
Event: 102.702 loading class java/awt/GradientPaintContext done
Event: 102.702 loading class sun/java2d/pipe/AlphaPaintPipe$TileContext
Event: 102.702 loading class sun/java2d/pipe/AlphaPaintPipe$TileContext done
Event: 102.713 loading class com/st/components/swing/AutocompleteComboBox$2
Event: 102.713 loading class com/st/components/swing/AutocompleteComboBox$2 done
Event: 102.721 loading class java/awt/ColorPaintContext
Event: 102.721 loading class java/awt/ColorPaintContext done


Dynamic libraries:
0x00a70000 - 0x00aa3000 	C:\Program Files (x86)\Java\jre1.8.0_151\bin\javaw.exe
0x77470000 - 0x77614000 	C:\Windows\SYSTEM32\ntdll.dll
0x77270000 - 0x77360000 	C:\Windows\System32\KERNEL32.DLL
0x76d40000 - 0x76f7a000 	C:\Windows\System32\KERNELBASE.dll
0x763e0000 - 0x7645d000 	C:\Windows\System32\ADVAPI32.dll
0x76580000 - 0x7663f000 	C:\Windows\System32\msvcrt.dll
0x766d0000 - 0x76748000 	C:\Windows\System32\sechost.dll
0x752f0000 - 0x753ae000 	C:\Windows\System32\RPCRT4.dll
0x762b0000 - 0x762c9000 	C:\Windows\System32\bcrypt.dll
0x76ba0000 - 0x76d3c000 	C:\Windows\System32\USER32.dll
0x76ff0000 - 0x77008000 	C:\Windows\System32\win32u.dll
0x76340000 - 0x76363000 	C:\Windows\System32\GDI32.dll
0x77180000 - 0x77265000 	C:\Windows\System32\gdi32full.dll
0x76b20000 - 0x76b9b000 	C:\Windows\System32\msvcp_win.dll
0x76460000 - 0x76580000 	C:\Windows\System32\ucrtbase.dll
0x6dc00000 - 0x6de10000 	C:\Windows\WinSxS\x86_microsoft.windows.common-controls_6595b64144ccf1df_6.0.19041.3636_none_a863d714867441db\COMCTL32.dll
0x760d0000 - 0x760f6000 	C:\Windows\System32\IMM32.DLL
0x5d320000 - 0x5d3df000 	C:\Program Files (x86)\Java\jre1.8.0_151\bin\msvcr100.dll
0x5cf50000 - 0x5d31e000 	C:\Program Files (x86)\Java\jre1.8.0_151\bin\client\jvm.dll
0x76fe0000 - 0x76fe6000 	C:\Windows\System32\PSAPI.DLL
0x6a950000 - 0x6a958000 	C:\Windows\SYSTEM32\WSOCK32.dll
0x6ee40000 - 0x6ee68000 	C:\Windows\SYSTEM32\WINMM.dll
0x74e10000 - 0x74e18000 	C:\Windows\SYSTEM32\VERSION.dll
0x76370000 - 0x763d3000 	C:\Windows\System32\WS2_32.dll
0x696c0000 - 0x696cc000 	C:\Program Files (x86)\Java\jre1.8.0_151\bin\verify.dll
0x5cf20000 - 0x5cf41000 	C:\Program Files (x86)\Java\jre1.8.0_151\bin\java.dll
0x5cf00000 - 0x5cf14000 	C:\Program Files (x86)\Java\jre1.8.0_151\bin\zip.dll
0x75a90000 - 0x76068000 	C:\Windows\System32\SHELL32.dll
0x73e90000 - 0x744a5000 	C:\Windows\SYSTEM32\windows.storage.dll
0x76800000 - 0x76a80000 	C:\Windows\System32\combase.dll
0x746f0000 - 0x74715000 	C:\Windows\SYSTEM32\Wldp.dll
0x76a80000 - 0x76b16000 	C:\Windows\System32\OLEAUT32.dll
0x770f0000 - 0x77177000 	C:\Windows\System32\SHCORE.dll
0x762d0000 - 0x76315000 	C:\Windows\System32\shlwapi.dll
0x6ebf0000 - 0x6ec0c000 	C:\Windows\SYSTEM32\profapi.dll
0x5cdb0000 - 0x5cef5000 	C:\Program Files (x86)\Java\jre1.8.0_151\bin\awt.dll
0x6cb10000 - 0x6cbaf000 	C:\Windows\SYSTEM32\apphelp.dll
0x69590000 - 0x695b6000 	C:\Windows\system32\DWMAPI.DLL
0x6e3f0000 - 0x6e464000 	C:\Windows\system32\uxtheme.dll
0x5cca0000 - 0x5cda3000 	C:\Windows\system32\opengl32.dll
0x5cc60000 - 0x5cc9f000 	C:\Windows\SYSTEM32\GLU32.dll
0x75960000 - 0x75a33000 	C:\Windows\System32\MSCTF.dll
0x77370000 - 0x77453000 	C:\Windows\System32\ole32.dll
0x74750000 - 0x7475f000 	C:\Windows\SYSTEM32\kernel.appcore.dll
0x76100000 - 0x7615f000 	C:\Windows\System32\bcryptPrimitives.dll
0x68bc0000 - 0x68c68000 	C:\Program Files (x86)\Sangfor\SSL\SangforPWEx\SangforUDProtectEx.dll
0x76160000 - 0x7625f000 	C:\Windows\System32\CRYPT32.dll
0x75a40000 - 0x75a8c000 	C:\Windows\System32\WINTRUST.dll
0x6e090000 - 0x6e31f000 	C:\Program Files (x86)\Sangfor\SSL\SangforPWEx\sangforvpnlibcrypto-1_1.dll
0x74e00000 - 0x74e0f000 	C:\Windows\SYSTEM32\WTSAPI32.dll
0x746e0000 - 0x746ee000 	C:\Windows\System32\MSASN1.dll
0x62eb0000 - 0x6303f000 	C:\Windows\system32\d3d9.dll
0x73c40000 - 0x73cd5000 	C:\Windows\System32\DriverStore\FileRepository\nv_dispig.inf_amd64_362f239e9bd019fc\nvldumd.dll
0x744f0000 - 0x74516000 	C:\Windows\SYSTEM32\cryptnet.dll
0x73b40000 - 0x73c40000 	C:\Windows\SYSTEM32\drvstore.dll
0x744c0000 - 0x744e9000 	C:\Windows\SYSTEM32\devobj.dll
0x76270000 - 0x762ab000 	C:\Windows\System32\cfgmgr32.dll
0x746b0000 - 0x746ba000 	C:\Windows\SYSTEM32\cryptbase.dll
0x76320000 - 0x76339000 	C:\Windows\System32\imagehlp.dll
0x746c0000 - 0x746d3000 	C:\Windows\System32\CRYPTSP.dll
0x74580000 - 0x745af000 	C:\Windows\system32\rsaenh.dll
0x71fc0000 - 0x73b38000 	C:\Windows\System32\DriverStore\FileRepository\nv_dispig.inf_amd64_362f239e9bd019fc\nvgpucomp32.dll
0x5a9a0000 - 0x5cc59000 	C:\Windows\System32\DriverStore\FileRepository\nv_dispig.inf_amd64_362f239e9bd019fc\nvd3dum.dll
0x71d90000 - 0x71fba000 	C:\Windows\system32\nvspcap.dll
0x74720000 - 0x74749000 	C:\Windows\SYSTEM32\ntmarta.dll
0x692a0000 - 0x692be000 	C:\Windows\SYSTEM32\gpapi.dll
0x6ebc0000 - 0x6ebec000 	C:\Windows\SYSTEM32\dxcore.dll
0x74d80000 - 0x74da5000 	C:\Windows\SYSTEM32\USERENV.dll
0x5a980000 - 0x5a996000 	C:\Program Files (x86)\Java\jre1.8.0_151\bin\net.dll
0x74650000 - 0x746a2000 	C:\Windows\system32\mswsock.dll
0x74eb0000 - 0x74ee2000 	C:\Windows\SYSTEM32\IPHLPAPI.DLL
0x76260000 - 0x76267000 	C:\Windows\System32\NSI.dll
0x6caf0000 - 0x6cb04000 	C:\Windows\SYSTEM32\dhcpcsvc6.DLL
0x6b680000 - 0x6b696000 	C:\Windows\SYSTEM32\dhcpcsvc.DLL
0x745b0000 - 0x74641000 	C:\Windows\SYSTEM32\DNSAPI.dll
0x69480000 - 0x6948f000 	C:\Program Files (x86)\Java\jre1.8.0_151\bin\nio.dll
0x5a940000 - 0x5a979000 	C:\Program Files (x86)\Java\jre1.8.0_151\bin\fontmanager.dll
0x5a900000 - 0x5a932000 	C:\Program Files (x86)\Java\jre1.8.0_151\bin\t2k.dll
0x691e0000 - 0x69201000 	C:\Program Files (x86)\Bonjour\mdnsNSP.dll
0x63560000 - 0x63568000 	C:\Program Files (x86)\National Instruments\Shared\mDNS Responder\nimdnsNSP.dll
0x63550000 - 0x6355b000 	C:\Windows\SYSTEM32\nimdnsResponder.dll
0x69130000 - 0x691d3000 	C:\Windows\WinSxS\x86_microsoft.vc90.crt_1fc8b3b9a1e18e3b_9.0.30729.9625_none_508ef7e4bcbbe589\MSVCR90.dll
0x744b0000 - 0x744b8000 	C:\Windows\System32\rasadhlp.dll
0x69120000 - 0x6912a000 	C:\Program Files (x86)\Java\jre1.8.0_151\bin\management.dll
0x692d0000 - 0x692e1000 	C:\Windows\system32\napinsp.dll
0x69230000 - 0x69246000 	C:\Windows\system32\pnrpnsp.dll
0x693d0000 - 0x693e0000 	C:\Windows\system32\wshbth.dll
0x69210000 - 0x69226000 	C:\Windows\system32\NLAapi.dll
0x692c0000 - 0x692ce000 	C:\Windows\System32\winrnr.dll
0x74520000 - 0x74578000 	C:\Windows\System32\fwpuclnt.dll
0x6ae00000 - 0x6ae8d000 	C:\Windows\WinSxS\x86_microsoft.windows.common-controls_6595b64144ccf1df_5.82.19041.3636_none_c0df324c38bbc0ce\comctl32.dll
0x77010000 - 0x7708e000 	C:\Windows\System32\clbcatq.dll
0x6a800000 - 0x6a8c2000 	C:\Windows\SYSTEM32\PROPSYS.dll
0x6fd20000 - 0x6fd33000 	C:\Windows\system32\NetworkExplorer.dll
0x6af50000 - 0x6af69000 	C:\Windows\SYSTEM32\MPR.dll
0x69d60000 - 0x69d7e000 	C:\Windows\System32\p9np.dll
0x69d50000 - 0x69d59000 	C:\Windows\System32\drprov.dll
0x6e320000 - 0x6e367000 	C:\Windows\System32\WINSTA.dll
0x69d30000 - 0x69d48000 	C:\Windows\System32\ntlanman.dll
0x69d10000 - 0x69d29000 	C:\Windows\System32\davclnt.dll
0x69d00000 - 0x69d0a000 	C:\Windows\System32\DAVHLPR.dll
0x69280000 - 0x69291000 	C:\Windows\System32\wkscli.dll
0x62a00000 - 0x62a0e000 	C:\Windows\SYSTEM32\cscapi.dll
0x6e370000 - 0x6e37b000 	C:\Windows\System32\netutils.dll
0x5a8b0000 - 0x5a8f3000 	C:\Windows\System32\dlnashext.dll
0x5a860000 - 0x5a8a9000 	C:\Windows\System32\PlayToDevice.dll
0x5a840000 - 0x5a85b000 	C:\Windows\System32\DevDispItemProvider.dll
0x696d0000 - 0x6973b000 	C:\Windows\System32\MMDevApi.dll
0x5a7b0000 - 0x5a83b000 	C:\Windows\system32\wpdshext.dll
0x6e9a0000 - 0x6eb08000 	C:\Windows\WinSxS\x86_microsoft.windows.gdiplus_6595b64144ccf1df_1.1.19041.3996_none_d954cb49e10154a6\gdiplus.dll
0x5a720000 - 0x5a7a3000 	C:\Windows\System32\PortableDeviceApi.dll
0x753b0000 - 0x757e8000 	C:\Windows\System32\SETUPAPI.dll
0x5a6f0000 - 0x5a717000 	C:\Windows\System32\PortableDeviceTypes.dll
0x5a6b0000 - 0x5a6f0000 	C:\Windows\system32\audiodev.dll
0x5a4a0000 - 0x5a6ad000 	C:\Windows\system32\WMVCore.DLL
0x5a460000 - 0x5a49d000 	C:\Windows\system32\WMASF.DLL
0x5a350000 - 0x5a456000 	C:\Windows\system32\mfperfhelper.dll
0x5df00000 - 0x5df26000 	C:\Program Files (x86)\Java\jre1.8.0_151\bin\jpeg.dll
0x68480000 - 0x685f1000 	C:\Windows\SYSTEM32\WindowsCodecs.dll
0x62e40000 - 0x62e71000 	C:\Windows\system32\dataexchange.dll
0x62cd0000 - 0x62e34000 	C:\Windows\system32\dcomp.dll
0x74790000 - 0x74970000 	C:\Windows\system32\d3d11.dll
0x74970000 - 0x74a32000 	C:\Windows\system32\dxgi.dll
0x657b0000 - 0x65941000 	C:\Windows\system32\twinapi.appcore.dll
0x65ec0000 - 0x65f79000 	C:\Windows\SYSTEM32\textinputframework.dll
0x65c40000 - 0x65ebf000 	C:\Windows\System32\CoreUIComponents.dll
0x65ba0000 - 0x65c3b000 	C:\Windows\System32\CoreMessaging.dll
0x65950000 - 0x65a2c000 	C:\Windows\SYSTEM32\wintypes.dll

VM Arguments:
java_command: com.st.microxplorer.maingui.STM32CubeMX C:\Users\Administrator\Desktop\TOUCH\TOUCH.ioc
java_class_path (initial): C:\Program Files\STMicroelectronics\STM32Cube5.3.0\STM32CubeMX.exe;anything
Launcher Type: SUN_STANDARD

Environment Variables:
USERNAME=yuan
OS=Windows_NT
PROCESSOR_IDENTIFIER=Intel64 Family 6 Model 79 Stepping 1, GenuineIntel



---------------  S Y S T E M  ---------------

OS: Windows 10.0 , 64 bit Build 19041 (10.0.19041.3636)

CPU:total 16 (initial active 16) (8 cores per cpu, 2 threads per core) family 6 model 79 stepping 1, cmov, cx8, fxsr, mmx, sse, sse2, sse3, ssse3, sse4.1, sse4.2, popcnt, avx, avx2, aes, clmul, erms, rtm, 3dnowpref, lzcnt, ht, tsc, tscinvbit, bmi1, bmi2, adx

Memory: 4k page, physical 33458156k(21251888k free), swap 35555308k(20289244k free)

vm_info: Java HotSpot(TM) Client VM (25.151-b12) for windows-x86 JRE (1.8.0_151-b12), built on Sep  5 2017 19:31:49 by "java_re" with MS VC++ 10.0 (VS2010)

time: Mon Sep 23 17:05:55 2024
elapsed time: 102 seconds (0d 0h 1m 42s)

